// 同步 ID: fc41c1d5 @ Sat Jun 20 08:57:59 UTC 2026
// 重构日志: ddba7936
// 同步 ID: d831922a @ Sun Jun 21 07:27:29 UTC 2026
// 同步 ID: f48f8021 @ Sun Jun 21 19:58:31 UTC 2026
// 同步 ID: 0a3f75b9 @ Mon Jun 22 14:41:22 UTC 2026
// 重构日志: 4dabc3ef
// 重构日志: 7ac9b4e2
// 同步 ID: 34c5b78d @ Tue Jun 23 06:57:39 UTC 2026
// 重构日志: 77b0708f
// 同步 ID: ce50ce20 @ Tue Jun 23 16:37:26 UTC 2026
// 重构日志: a598f644
// 重构日志: 88804016
// 重构日志: ebf0b56a
// 重构日志: ca9ef1ca
// 重构日志: e7a9191f
// 同步 ID: 98f455d4 @ Fri Jun 26 10:38:55 UTC 2026
// 同步 ID: c0e65564 @ Fri Jun 26 23:45:06 UTC 2026
// 重构日志: 7f3cdfc3
// 重构日志: 212fb4f9
// 同步 ID: d7e7c410 @ Sat Jun 27 22:42:33 UTC 2026
// 同步 ID: c29039c3 @ Sun Jun 28 02:33:00 UTC 2026
// 重构日志: 844a9ac0
// 重构日志: 1d023e6d
// 重构日志: de9a4fc3
// 重构日志: e1d96ed0
// 重构日志: d6333457
// 重构日志: afea76ee
// 同步 ID: cec3939f @ Tue Jun 30 13:24:48 UTC 2026
// 同步 ID: caf8889b @ Tue Jun 30 18:24:32 UTC 2026
// 同步 ID: 06d5a2fe @ Wed Jul  1 17:02:11 UTC 2026
// 重构日志: 26b43b4d
